<?xml version="1.0" encoding="UTF-8"?>
<!-- Generated by org.testng.reporters.JUnitXMLReporter -->
<testsuite ignored="0" hostname="LTIN624803" failures="0" tests="5" name="Surefire test" time="60.921" errors="0" timestamp="2025-05-06T16:57:24 IST">
  <testcase classname="RahulShettyAcademy.test.ErrorValidationsTest" name="LoginErrorValidation" time="1.047"/>
  <testcase classname="RahulShettyAcademy.test.ErrorValidationsTest" name="ProductErrorValidation" time="2.892"/>
  <testcase classname="RahulShettyAcademy.test.SubmitOrderTest" name="submitOrder" time="6.274"/>
  <testcase classname="RahulShettyAcademy.test.SubmitOrderTest" name="submitOrder" time="6.064"/>
  <testcase classname="RahulShettyAcademy.test.SubmitOrderTest" name="OrderHistoryTest" time="1.269"/>
</testsuite> <!-- Surefire test -->
