<?xml version="1.0" encoding="UTF-8"?>
<!-- Generated by org.testng.reporters.JUnitXMLReporter -->
<testsuite ignored="0" hostname="LTIN624803" failures="1" tests="3" name="Error Validations Test" time="20.283" errors="0" timestamp="2025-04-18T02:16:38 IST">
  <testcase classname="RahulShettyAcademy.test.ErrorValidationsTest" name="LoginErrorValidation" time="0.484">
    <skipped/>
  </testcase> <!-- LoginErrorValidation -->
  <testcase classname="RahulShettyAcademy.test.ErrorValidationsTest" name="LoginErrorValidation" time="0.6">
    <failure type="java.lang.AssertionError" message="expected [Incorrect email or password.] but found [Incorrectabc email or password.]">
      <![CDATA[java.lang.AssertionError: expected [Incorrect email or password.] but found [Incorrectabc email or password.]
at RahulShettyAcademy.test.ErrorValidationsTest.LoginErrorValidation(ErrorValidationsTest.java:29)
at java.base/java.util.ArrayList.forEach(ArrayList.java:1596)
at java.base/java.util.concurrent.FutureTask.run(FutureTask.java:317)
at java.base/java.util.concurrent.ThreadPoolExecutor.runWorker(ThreadPoolExecutor.java:1144)
at java.base/java.util.concurrent.ThreadPoolExecutor$Worker.run(ThreadPoolExecutor.java:642)
at java.base/java.lang.Thread.run(Thread.java:1583)
... Removed 21 stack frames]]>
    </failure>
  </testcase> <!-- LoginErrorValidation -->
  <testcase classname="RahulShettyAcademy.test.ErrorValidationsTest" name="ProductErrorValidation" time="2.21"/>
</testsuite> <!-- Error Validations Test -->
