<?xml version="1.0" encoding="UTF-8"?>
<!-- Generated by org.testng.reporters.JUnitXMLReporter -->
<testsuite ignored="0" hostname="LTIN624803" failures="0" tests="3" name="Submit Order Test" time="27.272" errors="0" timestamp="2025-04-18T02:16:45 IST">
  <testcase classname="RahulShettyAcademy.test.SubmitOrderTest" name="submitOrder" time="5.316"/>
  <testcase classname="RahulShettyAcademy.test.SubmitOrderTest" name="submitOrder" time="5.62"/>
  <testcase classname="RahulShettyAcademy.test.SubmitOrderTest" name="OrderHistoryTest" time="0.728"/>
</testsuite> <!-- Submit Order Test -->
