<?xml version="1.0" encoding="UTF-8"?>
<!-- Generated by org.testng.reporters.JUnitXMLReporter -->
<testsuite ignored="0" hostname="LTIN624803" failures="0" tests="2" name="Error Validations Test" time="22.061" errors="0" timestamp="2025-07-18T11:22:43 IST">
  <testcase classname="RahulShettyAcademy.test.ErrorValidationsTest" name="LoginErrorValidation" time="1.013"/>
  <testcase classname="RahulShettyAcademy.test.ErrorValidationsTest" name="ProductErrorValidation" time="2.985"/>
</testsuite> <!-- Error Validations Test -->
