<?xml version="1.0" encoding="UTF-8"?>
<!-- Generated by org.testng.reporters.JUnitXMLReporter -->
<testsuite ignored="0" hostname="LTIN624803" failures="0" tests="3" name="Submit Order Test" time="34.592" errors="0" timestamp="2025-07-18T11:22:54 IST">
  <testcase classname="RahulShettyAcademy.test.SubmitOrderTest" name="submitOrder" time="6.741"/>
  <testcase classname="RahulShettyAcademy.test.SubmitOrderTest" name="submitOrder" time="6.36"/>
  <testcase classname="RahulShettyAcademy.test.SubmitOrderTest" name="OrderHistoryTest" time="1.145"/>
</testsuite> <!-- Submit Order Test -->
