<?xml version="1.0" encoding="UTF-8"?>
<testng-results ignored="0" total="5" passed="5" failed="0" skipped="0">
  <reporter-output>
  </reporter-output>
  <suite started-at="2025-07-18T11:22:19 IST" name="Suite" finished-at="2025-07-18T11:22:54 IST" duration-ms="34592">
    <groups>
      <group name="ErrorHandling">
        <method signature="ErrorValidationsTest.LoginErrorValidation()[pri:0, instance:RahulShettyAcademy.test.ErrorValidationsTest@461ad730]" name="LoginErrorValidation" class="RahulShettyAcademy.test.ErrorValidationsTest"/>
      </group> <!-- ErrorHandling -->
      <group name="Purchase">
        <method signature="SubmitOrderTest.submitOrder(java.util.HashMap)[pri:0, instance:RahulShettyAcademy.test.SubmitOrderTest@d554c5f]" name="submitOrder" class="RahulShettyAcademy.test.SubmitOrderTest"/>
      </group> <!-- Purchase -->
    </groups>
    <test started-at="2025-07-18T11:22:19 IST" name="Error Validations Test" finished-at="2025-07-18T11:22:42 IST" duration-ms="22061">
      <class name="RahulShettyAcademy.test.ErrorValidationsTest">
        <test-method is-config="true" signature="launchApplication()[pri:0, instance:RahulShettyAcademy.test.ErrorValidationsTest@461ad730]" started-at="2025-07-18T11:22:20 IST" name="launchApplication" finished-at="2025-07-18T11:22:33 IST" duration-ms="13870" status="PASS">
          <reporter-output>
          </reporter-output>
        </test-method> <!-- launchApplication -->
        <test-method signature="LoginErrorValidation()[pri:0, instance:RahulShettyAcademy.test.ErrorValidationsTest@461ad730]" started-at="2025-07-18T11:22:33 IST" name="LoginErrorValidation" finished-at="2025-07-18T11:22:34 IST" duration-ms="1013" status="PASS">
          <reporter-output>
          </reporter-output>
        </test-method> <!-- LoginErrorValidation -->
        <test-method is-config="true" signature="tearDown()[pri:0, instance:RahulShettyAcademy.test.ErrorValidationsTest@461ad730]" started-at="2025-07-18T11:22:34 IST" name="tearDown" finished-at="2025-07-18T11:22:35 IST" duration-ms="234" status="PASS">
          <reporter-output>
          </reporter-output>
        </test-method> <!-- tearDown -->
        <test-method is-config="true" signature="launchApplication()[pri:0, instance:RahulShettyAcademy.test.ErrorValidationsTest@461ad730]" started-at="2025-07-18T11:22:35 IST" name="launchApplication" finished-at="2025-07-18T11:22:38 IST" duration-ms="3504" status="PASS">
          <reporter-output>
          </reporter-output>
        </test-method> <!-- launchApplication -->
        <test-method signature="ProductErrorValidation()[pri:0, instance:RahulShettyAcademy.test.ErrorValidationsTest@461ad730]" started-at="2025-07-18T11:22:38 IST" name="ProductErrorValidation" finished-at="2025-07-18T11:22:41 IST" duration-ms="2985" status="PASS">
          <reporter-output>
          </reporter-output>
        </test-method> <!-- ProductErrorValidation -->
        <test-method is-config="true" signature="tearDown()[pri:0, instance:RahulShettyAcademy.test.ErrorValidationsTest@461ad730]" started-at="2025-07-18T11:22:41 IST" name="tearDown" finished-at="2025-07-18T11:22:42 IST" duration-ms="295" status="PASS">
          <reporter-output>
          </reporter-output>
        </test-method> <!-- tearDown -->
      </class> <!-- RahulShettyAcademy.test.ErrorValidationsTest -->
    </test> <!-- Error Validations Test -->
    <test started-at="2025-07-18T11:22:19 IST" name="Submit Order Test" finished-at="2025-07-18T11:22:54 IST" duration-ms="34592">
      <class name="RahulShettyAcademy.test.SubmitOrderTest">
        <test-method is-config="true" signature="launchApplication()[pri:0, instance:RahulShettyAcademy.test.SubmitOrderTest@d554c5f]" started-at="2025-07-18T11:22:20 IST" name="launchApplication" finished-at="2025-07-18T11:22:33 IST" duration-ms="12507" status="PASS">
          <reporter-output>
          </reporter-output>
        </test-method> <!-- launchApplication -->
        <test-method signature="submitOrder(java.util.HashMap)[pri:0, instance:RahulShettyAcademy.test.SubmitOrderTest@d554c5f]" started-at="2025-07-18T11:22:33 IST" name="submitOrder" data-provider="getData" finished-at="2025-07-18T11:22:40 IST" duration-ms="6741" status="PASS">
          <params>
            <param index="0">
              <value>
                <![CDATA[{password=Nilu@310596, email=dnilootpal@gmail.com, productName=ZARA COAT 3}]]>
              </value>
            </param>
          </params>
          <reporter-output>
          </reporter-output>
        </test-method> <!-- submitOrder -->
        <test-method is-config="true" signature="tearDown()[pri:0, instance:RahulShettyAcademy.test.SubmitOrderTest@d554c5f]" started-at="2025-07-18T11:22:40 IST" name="tearDown" finished-at="2025-07-18T11:22:40 IST" duration-ms="141" status="PASS">
          <reporter-output>
          </reporter-output>
        </test-method> <!-- tearDown -->
        <test-method is-config="true" signature="launchApplication()[pri:0, instance:RahulShettyAcademy.test.SubmitOrderTest@d554c5f]" started-at="2025-07-18T11:22:40 IST" name="launchApplication" finished-at="2025-07-18T11:22:43 IST" duration-ms="3299" status="PASS">
          <reporter-output>
          </reporter-output>
        </test-method> <!-- launchApplication -->
        <test-method signature="submitOrder(java.util.HashMap)[pri:0, instance:RahulShettyAcademy.test.SubmitOrderTest@d554c5f]" started-at="2025-07-18T11:22:43 IST" name="submitOrder" data-provider="getData" finished-at="2025-07-18T11:22:49 IST" duration-ms="6360" status="PASS">
          <params>
            <param index="0">
              <value>
                <![CDATA[{password=Nilu@310596, email=nilu@gmail.com, productName=ADIDAS ORIGINAL}]]>
              </value>
            </param>
          </params>
          <reporter-output>
          </reporter-output>
        </test-method> <!-- submitOrder -->
        <test-method is-config="true" signature="tearDown()[pri:0, instance:RahulShettyAcademy.test.SubmitOrderTest@d554c5f]" started-at="2025-07-18T11:22:49 IST" name="tearDown" finished-at="2025-07-18T11:22:50 IST" duration-ms="147" status="PASS">
          <reporter-output>
          </reporter-output>
        </test-method> <!-- tearDown -->
        <test-method is-config="true" signature="launchApplication()[pri:0, instance:RahulShettyAcademy.test.SubmitOrderTest@d554c5f]" started-at="2025-07-18T11:22:50 IST" name="launchApplication" finished-at="2025-07-18T11:22:53 IST" duration-ms="3037" status="PASS">
          <reporter-output>
          </reporter-output>
        </test-method> <!-- launchApplication -->
        <test-method signature="OrderHistoryTest()[pri:0, instance:RahulShettyAcademy.test.SubmitOrderTest@d554c5f]" started-at="2025-07-18T11:22:53 IST" name="OrderHistoryTest" finished-at="2025-07-18T11:22:54 IST" depends-on-methods="RahulShettyAcademy.test.SubmitOrderTest.submitOrder" duration-ms="1145" status="PASS">
          <reporter-output>
          </reporter-output>
        </test-method> <!-- OrderHistoryTest -->
        <test-method is-config="true" signature="tearDown()[pri:0, instance:RahulShettyAcademy.test.SubmitOrderTest@d554c5f]" started-at="2025-07-18T11:22:54 IST" name="tearDown" finished-at="2025-07-18T11:22:54 IST" duration-ms="219" status="PASS">
          <reporter-output>
          </reporter-output>
        </test-method> <!-- tearDown -->
      </class> <!-- RahulShettyAcademy.test.SubmitOrderTest -->
    </test> <!-- Submit Order Test -->
  </suite> <!-- Suite -->
</testng-results>
