<?xml version="1.0" encoding="UTF-8"?>
<testng-results ignored="0" total="1" passed="1" failed="0" skipped="0">
  <reporter-output>
  </reporter-output>
  <suite started-at="2025-06-26T03:52:50 IST" name="Default suite" finished-at="2025-06-26T03:52:51 IST" duration-ms="77">
    <groups>
    </groups>
    <test started-at="2025-06-26T03:52:50 IST" name="Default test" finished-at="2025-06-26T03:52:51 IST" duration-ms="77">
      <class name="JavaTutorials.ParentClass1">
        <test-method is-config="true" signature="beforeRun()[pri:0, instance:JavaTutorials.ParentClass1@49b0b76]" started-at="2025-06-26T03:52:50 IST" name="beforeRun" finished-at="2025-06-26T03:52:50 IST" duration-ms="7" status="PASS">
          <reporter-output>
          </reporter-output>
        </test-method> <!-- beforeRun -->
        <test-method signature="testRun()[pri:0, instance:JavaTutorials.ParentClass1@49b0b76]" started-at="2025-06-26T03:52:50 IST" name="testRun" finished-at="2025-06-26T03:52:51 IST" duration-ms="23" status="PASS">
          <reporter-output>
          </reporter-output>
        </test-method> <!-- testRun -->
        <test-method is-config="true" signature="afterRun()[pri:0, instance:JavaTutorials.ParentClass1@49b0b76]" started-at="2025-06-26T03:52:51 IST" name="afterRun" finished-at="2025-06-26T03:52:51 IST" duration-ms="1" status="PASS">
          <reporter-output>
          </reporter-output>
        </test-method> <!-- afterRun -->
      </class> <!-- JavaTutorials.ParentClass1 -->
    </test> <!-- Default test -->
  </suite> <!-- Default suite -->
</testng-results>
